2025-12-30T08:55:39.714-0600 [DEBUG] [org.gradle.launcher.daemon.bootstrap.DaemonMain] Assuming the daemon was started with following jvm opts: [-XX:MaxMetaspaceSize=384m, -XX:+HeapDumpOnOutOfMemoryError, -Xms256m, -Xmx512m, -Dfile.encoding=UTF-8, -Duser.country=US, -Duser.language=en, -Duser.variant]
2025-12-30T08:55:39.805-0600 [DEBUG] [org.gradle.internal.remote.internal.inet.InetAddresses] Adding IP addresses for network interface utun3
2025-12-30T08:55:39.805-0600 [DEBUG] [org.gradle.internal.remote.internal.inet.InetAddresses] Is this a loopback interface? false
2025-12-30T08:55:39.806-0600 [DEBUG] [org.gradle.internal.remote.internal.inet.InetAddresses] Adding remote address /fe80:0:0:0:ce81:b1c:bd2c:69e%utun3
2025-12-30T08:55:39.807-0600 [DEBUG] [org.gradle.internal.remote.internal.inet.InetAddresses] Adding IP addresses for network interface utun2
2025-12-30T08:55:39.807-0600 [DEBUG] [org.gradle.internal.remote.internal.inet.InetAddresses] Is this a loopback interface? false
2025-12-30T08:55:39.807-0600 [DEBUG] [org.gradle.internal.remote.internal.inet.InetAddresses] Adding remote address /fe80:0:0:0:5688:34e4:dafe:843%utun2
2025-12-30T08:55:39.808-0600 [DEBUG] [org.gradle.internal.remote.internal.inet.InetAddresses] Adding IP addresses for network interface utun1
2025-12-30T08:55:39.809-0600 [DEBUG] [org.gradle.internal.remote.internal.inet.InetAddresses] Is this a loopback interface? false
2025-12-30T08:55:39.809-0600 [DEBUG] [org.gradle.internal.remote.internal.inet.InetAddresses] Adding remote address /fe80:0:0:0:8fed:2829:370d:d86%utun1
2025-12-30T08:55:39.809-0600 [DEBUG] [org.gradle.internal.remote.internal.inet.InetAddresses] Adding IP addresses for network interface utun0
2025-12-30T08:55:39.809-0600 [DEBUG] [org.gradle.internal.remote.internal.inet.InetAddresses] Is this a loopback interface? false
2025-12-30T08:55:39.809-0600 [DEBUG] [org.gradle.internal.remote.internal.inet.InetAddresses] Adding remote address /fe80:0:0:0:3936:fded:56c7:68c4%utun0
2025-12-30T08:55:39.809-0600 [DEBUG] [org.gradle.internal.remote.internal.inet.InetAddresses] Adding IP addresses for network interface llw0
2025-12-30T08:55:39.809-0600 [DEBUG] [org.gradle.internal.remote.internal.inet.InetAddresses] Is this a loopback interface? false
2025-12-30T08:55:39.810-0600 [DEBUG] [org.gradle.internal.remote.internal.inet.InetAddresses] Adding remote address /fe80:0:0:0:34ad:85ff:fe5d:919d%llw0
2025-12-30T08:55:39.811-0600 [DEBUG] [org.gradle.internal.remote.internal.inet.InetAddresses] Adding IP addresses for network interface awdl0
2025-12-30T08:55:39.811-0600 [DEBUG] [org.gradle.internal.remote.internal.inet.InetAddresses] Is this a loopback interface? false
2025-12-30T08:55:39.812-0600 [DEBUG] [org.gradle.internal.remote.internal.inet.InetAddresses] Adding remote address /fe80:0:0:0:34ad:85ff:fe5d:919d%awdl0
2025-12-30T08:55:39.812-0600 [DEBUG] [org.gradle.internal.remote.internal.inet.InetAddresses] Adding IP addresses for network interface en0
2025-12-30T08:55:39.812-0600 [DEBUG] [org.gradle.internal.remote.internal.inet.InetAddresses] Is this a loopback interface? false
2025-12-30T08:55:39.812-0600 [DEBUG] [org.gradle.internal.remote.internal.inet.InetAddresses] Adding remote address /fe80:0:0:0:1cf8:a071:f449:91b7%en0
2025-12-30T08:55:39.812-0600 [DEBUG] [org.gradle.internal.remote.internal.inet.InetAddresses] Adding remote address /10.171.62.228
2025-12-30T08:55:39.813-0600 [DEBUG] [org.gradle.internal.remote.internal.inet.InetAddresses] Adding IP addresses for network interface lo0
2025-12-30T08:55:39.813-0600 [DEBUG] [org.gradle.internal.remote.internal.inet.InetAddresses] Is this a loopback interface? true
2025-12-30T08:55:39.813-0600 [DEBUG] [org.gradle.internal.remote.internal.inet.InetAddresses] Ignoring remote address on loopback interface /fe80:0:0:0:0:0:0:1%lo0
2025-12-30T08:55:39.813-0600 [DEBUG] [org.gradle.internal.remote.internal.inet.InetAddresses] Adding loopback address /0:0:0:0:0:0:0:1%lo0
2025-12-30T08:55:39.814-0600 [DEBUG] [org.gradle.internal.remote.internal.inet.InetAddresses] Adding loopback address /127.0.0.1
2025-12-30T08:55:39.833-0600 [INFO] [org.gradle.launcher.daemon.server.Daemon] start() called on daemon - DefaultDaemonContext[uid=ec93969a-6eb7-4840-85ae-e100f1ee6184,javaHome=/Users/rishiiyer/Library/Java/JavaVirtualMachines/corretto-1.8.0_452/Contents/Home,javaVersion=8,javaVendor=Amazon.com Inc.,daemonRegistryDir=/Users/rishiiyer/Documents/UMN_SoftwareTestingAutomation/CoffeeMaker_JUnit_Golden/gradle/daemon,pid=20163,idleTimeout=10800000,priority=NORMAL,applyInstrumentationAgent=true,nativeServicesMode=ENABLED,daemonOpts=-XX:MaxMetaspaceSize=384m,-XX:+HeapDumpOnOutOfMemoryError,-Xms256m,-Xmx512m,-Dfile.encoding=UTF-8,-Duser.country=US,-Duser.language=en,-Duser.variant]
2025-12-30T08:55:39.857-0600 [DEBUG] [org.gradle.internal.remote.internal.inet.TcpIncomingConnector] Listening on [923f98b6-b8f8-4445-a71e-f08eb839d2c3 port:63453, addresses:[localhost/127.0.0.1]].
2025-12-30T08:55:39.861-0600 [DEBUG] [org.gradle.launcher.daemon.server.Daemon] Daemon starting at: Tue Dec 30 08:55:39 CST 2025, with address: [923f98b6-b8f8-4445-a71e-f08eb839d2c3 port:63453, addresses:[localhost/127.0.0.1]]
2025-12-30T08:55:39.861-0600 [INFO] [org.gradle.launcher.daemon.server.DaemonRegistryUpdater] Advertising the daemon address to the clients: [923f98b6-b8f8-4445-a71e-f08eb839d2c3 port:63453, addresses:[localhost/127.0.0.1]]
2025-12-30T08:55:39.861-0600 [DEBUG] [org.gradle.launcher.daemon.server.DaemonRegistryUpdater] Advertised daemon context: DefaultDaemonContext[uid=ec93969a-6eb7-4840-85ae-e100f1ee6184,javaHome=/Users/rishiiyer/Library/Java/JavaVirtualMachines/corretto-1.8.0_452/Contents/Home,javaVersion=8,javaVendor=Amazon.com Inc.,daemonRegistryDir=/Users/rishiiyer/Documents/UMN_SoftwareTestingAutomation/CoffeeMaker_JUnit_Golden/gradle/daemon,pid=20163,idleTimeout=10800000,priority=NORMAL,applyInstrumentationAgent=true,nativeServicesMode=ENABLED,daemonOpts=-XX:MaxMetaspaceSize=384m,-XX:+HeapDumpOnOutOfMemoryError,-Xms256m,-Xmx512m,-Dfile.encoding=UTF-8,-Duser.country=US,-Duser.language=en,-Duser.variant]
2025-12-30T08:55:39.863-0600 [DEBUG] [org.gradle.launcher.daemon.registry.PersistentDaemonRegistry] Storing daemon address: [923f98b6-b8f8-4445-a71e-f08eb839d2c3 port:63453, addresses:[localhost/127.0.0.1]], context: DefaultDaemonContext[uid=ec93969a-6eb7-4840-85ae-e100f1ee6184,javaHome=/Users/rishiiyer/Library/Java/JavaVirtualMachines/corretto-1.8.0_452/Contents/Home,javaVersion=8,javaVendor=Amazon.com Inc.,daemonRegistryDir=/Users/rishiiyer/Documents/UMN_SoftwareTestingAutomation/CoffeeMaker_JUnit_Golden/gradle/daemon,pid=20163,idleTimeout=10800000,priority=NORMAL,applyInstrumentationAgent=true,nativeServicesMode=ENABLED,daemonOpts=-XX:MaxMetaspaceSize=384m,-XX:+HeapDumpOnOutOfMemoryError,-Xms256m,-Xmx512m,-Dfile.encoding=UTF-8,-Duser.country=US,-Duser.language=en,-Duser.variant]
2025-12-30T08:55:39.873-0600 [DEBUG] [org.gradle.cache.internal.DefaultFileLockManager] Waiting to acquire exclusive lock on daemon addresses registry.
2025-12-30T08:55:39.877-0600 [DEBUG] [org.gradle.cache.internal.DefaultFileLockManager] Lock acquired on daemon addresses registry.
2025-12-30T08:55:39.881-0600 [DEBUG] [org.gradle.cache.internal.DefaultFileLockManager] Releasing lock on daemon addresses registry.
2025-12-30T08:55:39.881-0600 [LIFECYCLE] [org.gradle.launcher.daemon.server.Daemon] Daemon server started.
2025-12-30T08:55:39.882-0600 [DEBUG] [org.gradle.launcher.daemon.bootstrap.DaemonStartupCommunication] Completed writing the daemon greeting. Closing streams...
2025-12-30T08:55:39.887-0600 [DEBUG] [org.gradle.internal.remote.internal.inet.TcpIncomingConnector] Accepted connection from /127.0.0.1:63454 to /127.0.0.1:63453.
2025-12-30T08:55:39.890-0600 [DEBUG] [org.gradle.launcher.daemon.server.Daemon] stopOnExpiration() called on daemon
2025-12-30T08:55:39.892-0600 [DEBUG] [org.gradle.launcher.daemon.server.Daemon] awaitExpiration() called on daemon
2025-12-30T08:55:39.892-0600 [DEBUG] [org.gradle.launcher.daemon.server.DaemonStateCoordinator] daemon is running. Sleeping until state changes.
2025-12-30T08:55:39.961-0600 [DEBUG] [org.gradle.launcher.daemon.server.SynchronizedDispatchConnection] thread 17: received class org.gradle.launcher.daemon.protocol.Build
2025-12-30T08:55:39.962-0600 [DEBUG] [org.gradle.launcher.daemon.server.DefaultDaemonConnection] thread 17: Received non-IO message from client: Build{id=f344b41c-b392-4265-baba-b97473025b4f, currentDir=/Users/rishiiyer/Documents/UMN_SoftwareTestingAutomation/CoffeeMaker_JUnit_Assign}
2025-12-30T08:55:39.963-0600 [INFO] [org.gradle.launcher.daemon.server.DefaultIncomingConnectionHandler] Received command: Build{id=f344b41c-b392-4265-baba-b97473025b4f, currentDir=/Users/rishiiyer/Documents/UMN_SoftwareTestingAutomation/CoffeeMaker_JUnit_Assign}.
2025-12-30T08:55:39.963-0600 [DEBUG] [org.gradle.launcher.daemon.server.DefaultIncomingConnectionHandler] Starting executing command: Build{id=f344b41c-b392-4265-baba-b97473025b4f, currentDir=/Users/rishiiyer/Documents/UMN_SoftwareTestingAutomation/CoffeeMaker_JUnit_Assign} with connection: socket connection from /127.0.0.1:63453 to /127.0.0.1:63454.
2025-12-30T08:55:39.966-0600 [DEBUG] [org.gradle.launcher.daemon.server.DaemonStateCoordinator] Command execution: started DaemonCommandExecution[command = Build{id=f344b41c-b392-4265-baba-b97473025b4f, currentDir=/Users/rishiiyer/Documents/UMN_SoftwareTestingAutomation/CoffeeMaker_JUnit_Assign}, connection = DefaultDaemonConnection: socket connection from /127.0.0.1:63453 to /127.0.0.1:63454] after 0.0019666666666666665 minutes of idle
2025-12-30T08:55:39.967-0600 [INFO] [org.gradle.launcher.daemon.server.DaemonRegistryUpdater] Marking the daemon as busy, address: [923f98b6-b8f8-4445-a71e-f08eb839d2c3 port:63453, addresses:[localhost/127.0.0.1]]
2025-12-30T08:55:39.968-0600 [DEBUG] [org.gradle.launcher.daemon.registry.PersistentDaemonRegistry] Marking busy by address: [923f98b6-b8f8-4445-a71e-f08eb839d2c3 port:63453, addresses:[localhost/127.0.0.1]]
2025-12-30T08:55:39.969-0600 [DEBUG] [org.gradle.cache.internal.DefaultFileLockManager] Waiting to acquire exclusive lock on daemon addresses registry.
2025-12-30T08:55:39.969-0600 [DEBUG] [org.gradle.cache.internal.DefaultFileLockManager] Lock acquired on daemon addresses registry.
2025-12-30T08:55:39.971-0600 [DEBUG] [org.gradle.cache.internal.DefaultFileLockManager] Releasing lock on daemon addresses registry.
2025-12-30T08:55:39.973-0600 [DEBUG] [org.gradle.launcher.daemon.server.DaemonStateCoordinator] resetting idle timer
2025-12-30T08:55:39.973-0600 [DEBUG] [org.gradle.launcher.daemon.server.DaemonStateCoordinator] daemon is running. Sleeping until state changes.
2025-12-30T08:55:39.975-0600 [INFO] [org.gradle.launcher.daemon.server.exec.StartBuildOrRespondWithBusy] Daemon is about to start building Build{id=f344b41c-b392-4265-baba-b97473025b4f, currentDir=/Users/rishiiyer/Documents/UMN_SoftwareTestingAutomation/CoffeeMaker_JUnit_Assign}. Dispatching build started information...
2025-12-30T08:55:39.975-0600 [DEBUG] [org.gradle.launcher.daemon.server.SynchronizedDispatchConnection] thread 19: dispatching org.gradle.launcher.daemon.protocol.BuildStarted@3f350369
2025-12-30T08:55:39.977-0600 [DEBUG] [org.gradle.launcher.daemon.server.exec.EstablishBuildEnvironment] Configuring env variables: [PATH, rvm_bin_path, CONDA_EXE, CONDA_PYTHON_EXE, rvm_prefix, HOMEBREW_PREFIX, COMMAND_MODE, DISPLAY, _CE_M, LOGNAME, rvm_version, HOMEBREW_REPOSITORY, XPC_SERVICE_NAME, INFOPATH, CONDA_SHLVL, __CFBundleIdentifier, SHELL, HOMEBREW_CELLAR, USER, rvm_path, TMPDIR, SSH_AUTH_SOCK, _CE_CONDA, XPC_FLAGS, __CF_USER_TEXT_ENCODING, LC_CTYPE, HOME]
2025-12-30T08:55:39.981-0600 [DEBUG] [org.gradle.launcher.daemon.server.exec.LogToClient] About to start relaying all logs to the client via the connection.
2025-12-30T08:55:39.982-0600 [INFO] [org.gradle.launcher.daemon.server.exec.LogToClient] The client will now receive all logging from the daemon (pid: 20163). The daemon log file: /Users/rishiiyer/Documents/UMN_SoftwareTestingAutomation/CoffeeMaker_JUnit_Golden/gradle/daemon/8.13/daemon-20163.out.log
2025-12-30T08:55:39.983-0600 [INFO] [org.gradle.launcher.daemon.server.exec.LogAndCheckHealth] Starting build in new daemon [memory: 455.5 MiB]
2025-12-30T08:55:39.985-0600 [DEBUG] [org.gradle.launcher.daemon.server.exec.ExecuteBuild] The daemon has started executing the build.
2025-12-30T08:55:39.985-0600 [DEBUG] [org.gradle.launcher.daemon.server.exec.ExecuteBuild] Executing build with daemon context: DefaultDaemonContext[uid=ec93969a-6eb7-4840-85ae-e100f1ee6184,javaHome=/Users/rishiiyer/Library/Java/JavaVirtualMachines/corretto-1.8.0_452/Contents/Home,javaVersion=8,javaVendor=Amazon.com Inc.,daemonRegistryDir=/Users/rishiiyer/Documents/UMN_SoftwareTestingAutomation/CoffeeMaker_JUnit_Golden/gradle/daemon,pid=20163,idleTimeout=10800000,priority=NORMAL,applyInstrumentationAgent=true,nativeServicesMode=ENABLED,daemonOpts=-XX:MaxMetaspaceSize=384m,-XX:+HeapDumpOnOutOfMemoryError,-Xms256m,-Xmx512m,-Dfile.encoding=UTF-8,-Duser.country=US,-Duser.language=en,-Duser.variant]

[Incubating] Problems report is available at: file:///Users/rishiiyer/Documents/UMN_SoftwareTestingAutomation/CoffeeMaker_JUnit_Assign/build/reports/problems/problems-report.html

Deprecated Gradle features were used in this build, making it incompatible with Gradle 9.0.

You can use '--warning-mode all' to show the individual deprecation warnings and determine if they come from your own scripts or plugins.

For more on this, please refer to https://docs.gradle.org/8.13/userguide/command_line_interface.html#sec:command_line_warnings in the Gradle documentation.

BUILD SUCCESSFUL in 15s
2025-12-30T08:55:52.270-0600 [DEBUG] [org.gradle.launcher.daemon.server.exec.ExecuteBuild] The daemon has finished executing the build.
2025-12-30T08:55:52.284-0600 [DEBUG] [org.gradle.launcher.daemon.server.DaemonStateCoordinator] daemon is running. Sleeping until state changes.
2025-12-30T08:55:52.285-0600 [DEBUG] [org.gradle.launcher.daemon.server.DaemonStateCoordinator] Command execution: finished waiting for DaemonCommandExecution[command = Build{id=f344b41c-b392-4265-baba-b97473025b4f, currentDir=/Users/rishiiyer/Documents/UMN_SoftwareTestingAutomation/CoffeeMaker_JUnit_Assign}, connection = DefaultDaemonConnection: socket connection from /127.0.0.1:63453 to /127.0.0.1:63454]. Result org.gradle.launcher.daemon.server.DaemonStateCoordinator@7991dd9d with state Busy
2025-12-30T08:55:52.285-0600 [DEBUG] [org.gradle.launcher.daemon.server.DaemonStateCoordinator] Command execution: completed DaemonCommandExecution[command = Build{id=f344b41c-b392-4265-baba-b97473025b4f, currentDir=/Users/rishiiyer/Documents/UMN_SoftwareTestingAutomation/CoffeeMaker_JUnit_Assign}, connection = DefaultDaemonConnection: socket connection from /127.0.0.1:63453 to /127.0.0.1:63454]
2025-12-30T08:55:52.286-0600 [DEBUG] [org.gradle.launcher.daemon.server.DaemonStateCoordinator] resetting idle timer
2025-12-30T08:55:52.286-0600 [INFO] [org.gradle.launcher.daemon.server.DaemonRegistryUpdater] Marking the daemon as idle, address: [923f98b6-b8f8-4445-a71e-f08eb839d2c3 port:63453, addresses:[localhost/127.0.0.1]]
2025-12-30T08:55:52.286-0600 [DEBUG] [org.gradle.launcher.daemon.registry.PersistentDaemonRegistry] Marking busy by address: [923f98b6-b8f8-4445-a71e-f08eb839d2c3 port:63453, addresses:[localhost/127.0.0.1]]
2025-12-30T08:55:52.287-0600 [DEBUG] [org.gradle.cache.internal.DefaultFileLockManager] Waiting to acquire exclusive lock on daemon addresses registry.
2025-12-30T08:55:52.288-0600 [DEBUG] [org.gradle.cache.internal.DefaultFileLockManager] Lock acquired on daemon addresses registry.
2025-12-30T08:55:52.290-0600 [DEBUG] [org.gradle.cache.internal.DefaultFileLockManager] Releasing lock on daemon addresses registry.
2025-12-30T08:55:52.290-0600 [DEBUG] [org.gradle.launcher.daemon.server.DaemonStateCoordinator] daemon is running. Sleeping until state changes.
2025-12-30T08:55:52.291-0600 [DEBUG] [org.gradle.launcher.daemon.server.exec.ReturnResult] Daemon is dispatching the build result: Success[value=org.gradle.launcher.exec.BuildActionResult@3a32c3d3]
2025-12-30T08:55:52.291-0600 [DEBUG] [org.gradle.launcher.daemon.server.SynchronizedDispatchConnection] thread 16: dispatching Success[value=org.gradle.launcher.exec.BuildActionResult@3a32c3d3]
2025-12-30T08:55:52.294-0600 [DEBUG] [org.gradle.launcher.daemon.server.SynchronizedDispatchConnection] thread 17: received class org.gradle.launcher.daemon.protocol.CloseInput
2025-12-30T08:55:52.296-0600 [DEBUG] [org.gradle.launcher.daemon.server.DefaultDaemonConnection] thread 17: Received IO message from client: org.gradle.launcher.daemon.protocol.CloseInput@2cba791a
2025-12-30T08:55:52.297-0600 [DEBUG] [org.gradle.launcher.daemon.server.SynchronizedDispatchConnection] thread 17: received class org.gradle.launcher.daemon.protocol.Finished
2025-12-30T08:55:52.297-0600 [DEBUG] [org.gradle.launcher.daemon.server.DefaultDaemonConnection] thread 17: Received non-IO message from client: org.gradle.launcher.daemon.protocol.Finished@fc620fd
2025-12-30T08:55:52.301-0600 [DEBUG] [org.gradle.internal.remote.internal.inet.SocketConnection] Discarding EOFException: java.io.EOFException
2025-12-30T08:55:52.301-0600 [DEBUG] [org.gradle.launcher.daemon.server.SynchronizedDispatchConnection] thread 17: received null
2025-12-30T08:55:52.301-0600 [DEBUG] [org.gradle.launcher.daemon.server.DefaultDaemonConnection] thread 17: Received end-of-input from client.
2025-12-30T08:55:52.303-0600 [DEBUG] [org.gradle.launcher.daemon.server.exec.CleanUpVirtualFileSystemAfterBuild] Cleaning virtual file system after build finished
2025-12-30T08:55:52.305-0600 [DEBUG] [org.gradle.launcher.daemon.server.DefaultIncomingConnectionHandler] Finishing executing command: Build{id=f344b41c-b392-4265-baba-b97473025b4f, currentDir=/Users/rishiiyer/Documents/UMN_SoftwareTestingAutomation/CoffeeMaker_JUnit_Assign}
2025-12-30T08:55:52.308-0600 [WARN] [org.gradle.launcher.daemon.server.DefaultIncomingConnectionHandler] Timed out waiting for finished message from client socket connection from /127.0.0.1:63453 to /127.0.0.1:63454. Discarding connection.
2025-12-30T08:55:52.309-0600 [DEBUG] [org.gradle.launcher.daemon.server.SynchronizedDispatchConnection] thread 16: stopping connection
2025-12-30T08:55:52.318-0600 [DEBUG] [org.gradle.launcher.daemon.server.SynchronizedDispatchConnection] thread 16: stopping connection
2025-12-30T08:55:59.900-0600 [DEBUG] [org.gradle.cache.internal.DefaultFileLockManager] Waiting to acquire shared lock on daemon addresses registry.
2025-12-30T08:55:59.909-0600 [DEBUG] [org.gradle.cache.internal.DefaultFileLockManager] Lock acquired on daemon addresses registry.
2025-12-30T08:55:59.912-0600 [DEBUG] [org.gradle.cache.internal.DefaultFileLockManager] Releasing lock on daemon addresses registry.
2025-12-30T08:55:59.917-0600 [DEBUG] [org.gradle.cache.internal.DefaultFileLockManager] Waiting to acquire shared lock on daemon addresses registry.
2025-12-30T08:55:59.918-0600 [DEBUG] [org.gradle.cache.internal.DefaultFileLockManager] Lock acquired on daemon addresses registry.
2025-12-30T08:55:59.918-0600 [DEBUG] [org.gradle.cache.internal.DefaultFileLockManager] Releasing lock on daemon addresses registry.
2025-12-30T08:56:09.901-0600 [DEBUG] [org.gradle.cache.internal.DefaultFileLockManager] Waiting to acquire shared lock on daemon addresses registry.
2025-12-30T08:56:09.905-0600 [DEBUG] [org.gradle.cache.internal.DefaultFileLockManager] Lock acquired on daemon addresses registry.
2025-12-30T08:56:09.907-0600 [DEBUG] [org.gradle.cache.internal.DefaultFileLockManager] Releasing lock on daemon addresses registry.
2025-12-30T08:56:09.909-0600 [DEBUG] [org.gradle.cache.internal.DefaultFileLockManager] Waiting to acquire shared lock on daemon addresses registry.
2025-12-30T08:56:09.915-0600 [DEBUG] [org.gradle.cache.internal.DefaultFileLockManager] Lock acquired on daemon addresses registry.
2025-12-30T08:56:09.919-0600 [DEBUG] [org.gradle.cache.internal.DefaultFileLockManager] Releasing lock on daemon addresses registry.
2025-12-30T08:56:09.921-0600 [DEBUG] [org.gradle.cache.internal.DefaultFileLockManager] Waiting to acquire shared lock on daemon addresses registry.
2025-12-30T08:56:09.921-0600 [DEBUG] [org.gradle.cache.internal.DefaultFileLockManager] Lock acquired on daemon addresses registry.
2025-12-30T08:56:09.922-0600 [DEBUG] [org.gradle.cache.internal.DefaultFileLockManager] Releasing lock on daemon addresses registry.
2025-12-30T08:56:19.903-0600 [DEBUG] [org.gradle.cache.internal.DefaultFileLockManager] Waiting to acquire shared lock on daemon addresses registry.
2025-12-30T08:56:19.908-0600 [DEBUG] [org.gradle.cache.internal.DefaultFileLockManager] Lock acquired on daemon addresses registry.
2025-12-30T08:56:19.910-0600 [DEBUG] [org.gradle.cache.internal.DefaultFileLockManager] Releasing lock on daemon addresses registry.
2025-12-30T08:56:19.911-0600 [DEBUG] [org.gradle.cache.internal.DefaultFileLockManager] Waiting to acquire shared lock on daemon addresses registry.
2025-12-30T08:56:19.911-0600 [DEBUG] [org.gradle.cache.internal.DefaultFileLockManager] Lock acquired on daemon addresses registry.
2025-12-30T08:56:19.912-0600 [DEBUG] [org.gradle.cache.internal.DefaultFileLockManager] Releasing lock on daemon addresses registry.
2025-12-30T08:56:19.913-0600 [DEBUG] [org.gradle.cache.internal.DefaultFileLockManager] Waiting to acquire shared lock on daemon addresses registry.
2025-12-30T08:56:19.913-0600 [DEBUG] [org.gradle.cache.internal.DefaultFileLockManager] Lock acquired on daemon addresses registry.
2025-12-30T08:56:19.914-0600 [DEBUG] [org.gradle.cache.internal.DefaultFileLockManager] Releasing lock on daemon addresses registry.
2025-12-30T08:56:29.903-0600 [DEBUG] [org.gradle.cache.internal.DefaultFileLockManager] Waiting to acquire shared lock on daemon addresses registry.
2025-12-30T08:56:29.904-0600 [DEBUG] [org.gradle.cache.internal.DefaultFileLockManager] Lock acquired on daemon addresses registry.
2025-12-30T08:56:29.907-0600 [DEBUG] [org.gradle.cache.internal.DefaultFileLockManager] Releasing lock on daemon addresses registry.
2025-12-30T08:56:29.908-0600 [DEBUG] [org.gradle.cache.internal.DefaultFileLockManager] Waiting to acquire shared lock on daemon addresses registry.
2025-12-30T08:56:29.908-0600 [DEBUG] [org.gradle.cache.internal.DefaultFileLockManager] Lock acquired on daemon addresses registry.
2025-12-30T08:56:29.909-0600 [DEBUG] [org.gradle.cache.internal.DefaultFileLockManager] Releasing lock on daemon addresses registry.
2025-12-30T08:56:29.910-0600 [DEBUG] [org.gradle.cache.internal.DefaultFileLockManager] Waiting to acquire shared lock on daemon addresses registry.
2025-12-30T08:56:29.911-0600 [DEBUG] [org.gradle.cache.internal.DefaultFileLockManager] Lock acquired on daemon addresses registry.
2025-12-30T08:56:29.911-0600 [DEBUG] [org.gradle.cache.internal.DefaultFileLockManager] Releasing lock on daemon addresses registry.
2025-12-30T08:56:39.906-0600 [DEBUG] [org.gradle.cache.internal.DefaultFileLockManager] Waiting to acquire shared lock on daemon addresses registry.
2025-12-30T08:56:39.914-0600 [DEBUG] [org.gradle.cache.internal.DefaultFileLockManager] Lock acquired on daemon addresses registry.
2025-12-30T08:56:39.931-0600 [DEBUG] [org.gradle.cache.internal.DefaultFileLockManager] Releasing lock on daemon addresses registry.
2025-12-30T08:56:39.935-0600 [DEBUG] [org.gradle.cache.internal.DefaultFileLockManager] Waiting to acquire shared lock on daemon addresses registry.
2025-12-30T08:56:39.935-0600 [DEBUG] [org.gradle.cache.internal.DefaultFileLockManager] Lock acquired on daemon addresses registry.
2025-12-30T08:56:39.935-0600 [DEBUG] [org.gradle.cache.internal.DefaultFileLockManager] Releasing lock on daemon addresses registry.
2025-12-30T08:56:39.937-0600 [WARN] [org.gradle.launcher.daemon.server.DaemonRegistryUnavailableExpirationStrategy] Daemon registry /Users/rishiiyer/Documents/UMN_SoftwareTestingAutomation/CoffeeMaker_JUnit_Golden/gradle/daemon became unreadable. Expiring daemon.
2025-12-30T08:56:39.944-0600 [DEBUG] [org.gradle.launcher.daemon.server.DaemonRegistryUpdater] Storing daemon stop event: after the daemon registry became unreadable
2025-12-30T08:56:39.945-0600 [DEBUG] [org.gradle.launcher.daemon.registry.PersistentDaemonRegistry] Storing daemon stop event with timestamp 1767106599946
2025-12-30T08:56:39.953-0600 [DEBUG] [org.gradle.cache.internal.DefaultFileLockManager] Waiting to acquire exclusive lock on daemon addresses registry.
2025-12-30T08:56:39.955-0600 [DEBUG] [org.gradle.cache.internal.DefaultFileLockManager] Lock acquired on daemon addresses registry.
2025-12-30T08:56:39.955-0600 [DEBUG] [org.gradle.cache.internal.DefaultFileLockManager] Releasing lock on daemon addresses registry.
2025-12-30T08:56:39.966-0600 [DEBUG] [org.gradle.cache.internal.DefaultFileLockManager] Waiting to acquire exclusive lock on daemon addresses registry.
2025-12-30T08:56:39.967-0600 [DEBUG] [org.gradle.cache.internal.DefaultFileLockManager] Lock acquired on daemon addresses registry.
2025-12-30T08:56:39.967-0600 [DEBUG] [org.gradle.cache.internal.DefaultFileLockManager] Releasing lock on daemon addresses registry.
2025-12-30T08:56:39.968-0600 [LIFECYCLE] [org.gradle.launcher.daemon.server.DaemonStateCoordinator] Daemon will be stopped at the end of the build after the daemon registry became unreadable
2025-12-30T08:56:39.968-0600 [DEBUG] [org.gradle.launcher.daemon.server.DaemonStateCoordinator] Marking daemon stopped due to after the daemon registry became unreadable. The daemon is not running a build
2025-12-30T08:56:39.968-0600 [DEBUG] [org.gradle.launcher.daemon.server.DaemonStateCoordinator] daemon has stopped.
2025-12-30T08:56:39.969-0600 [DEBUG] [org.gradle.launcher.daemon.server.Daemon] stop() called on daemon
2025-12-30T08:56:39.969-0600 [INFO] [org.gradle.launcher.daemon.server.Daemon] Stop requested. Daemon is removing its presence from the registry...
2025-12-30T08:56:39.972-0600 [DEBUG] [org.gradle.launcher.daemon.server.DaemonRegistryUpdater] Removing our presence to clients, eg. removing this address from the registry: [923f98b6-b8f8-4445-a71e-f08eb839d2c3 port:63453, addresses:[localhost/127.0.0.1]]
2025-12-30T08:56:39.972-0600 [DEBUG] [org.gradle.launcher.daemon.registry.PersistentDaemonRegistry] Removing daemon address: [923f98b6-b8f8-4445-a71e-f08eb839d2c3 port:63453, addresses:[localhost/127.0.0.1]]
2025-12-30T08:56:39.973-0600 [DEBUG] [org.gradle.cache.internal.DefaultFileLockManager] Waiting to acquire exclusive lock on daemon addresses registry.
2025-12-30T08:56:39.973-0600 [DEBUG] [org.gradle.cache.internal.DefaultFileLockManager] Lock acquired on daemon addresses registry.
2025-12-30T08:56:39.974-0600 [DEBUG] [org.gradle.cache.internal.DefaultFileLockManager] Releasing lock on daemon addresses registry.
2025-12-30T08:56:39.974-0600 [DEBUG] [org.gradle.launcher.daemon.server.DaemonRegistryUpdater] Address removed from registry.
2025-12-30T08:56:39.997-0600 [DEBUG] [org.gradle.cache.internal.LockOnDemandCrossProcessCacheAccess] Releasing file lock for jars (/Users/rishiiyer/Documents/UMN_SoftwareTestingAutomation/CoffeeMaker_JUnit_Golden/gradle/caches/jars-9)
2025-12-30T08:56:40.000-0600 [DEBUG] [org.gradle.cache.internal.DefaultFileLockManager] Releasing lock on jars (/Users/rishiiyer/Documents/UMN_SoftwareTestingAutomation/CoffeeMaker_JUnit_Golden/gradle/caches/jars-9).
2025-12-30T08:56:40.009-0600 [DEBUG] [org.gradle.cache.internal.LockOnDemandCrossProcessCacheAccess] Releasing file lock for file content cache (/Users/rishiiyer/Documents/UMN_SoftwareTestingAutomation/CoffeeMaker_JUnit_Golden/gradle/caches/8.13/fileContent)
2025-12-30T08:56:40.010-0600 [DEBUG] [org.gradle.cache.internal.DefaultFileLockManager] Releasing lock on file content cache (/Users/rishiiyer/Documents/UMN_SoftwareTestingAutomation/CoffeeMaker_JUnit_Golden/gradle/caches/8.13/fileContent).
2025-12-30T08:56:40.011-0600 [DEBUG] [org.gradle.internal.watch.vfs.impl.WatchingVirtualFileSystem] Closing VFS, dropping state
2025-12-30T08:56:40.017-0600 [DEBUG] [org.gradle.cache.internal.DefaultCacheCoordinator] Cache Generated Gradle JARs cache (/Users/rishiiyer/Documents/UMN_SoftwareTestingAutomation/CoffeeMaker_JUnit_Golden/gradle/caches/8.13/generated-gradle-jars) was closed 0 times.
2025-12-30T08:56:40.017-0600 [DEBUG] [org.gradle.internal.watch.registry.impl.DefaultFileWatcherRegistry] Finished listening to file system change events
2025-12-30T08:56:40.018-0600 [DEBUG] [org.gradle.cache.internal.LockOnDemandCrossProcessCacheAccess] Releasing file lock for artifact cache (/Users/rishiiyer/Documents/UMN_SoftwareTestingAutomation/CoffeeMaker_JUnit_Golden/gradle/caches/modules-2)
2025-12-30T08:56:40.019-0600 [DEBUG] [org.gradle.cache.internal.btree.BTreePersistentIndexedCache] Closing cache module-artifact.bin (/Users/rishiiyer/Documents/UMN_SoftwareTestingAutomation/CoffeeMaker_JUnit_Golden/gradle/caches/modules-2/metadata-2.107/module-artifact.bin)
2025-12-30T08:56:40.020-0600 [DEBUG] [org.gradle.cache.internal.btree.BTreePersistentIndexedCache] Closing cache module-metadata.bin (/Users/rishiiyer/Documents/UMN_SoftwareTestingAutomation/CoffeeMaker_JUnit_Golden/gradle/caches/modules-2/metadata-2.107/module-metadata.bin)
2025-12-30T08:56:40.020-0600 [DEBUG] [org.gradle.cache.internal.DefaultFileLockManager] Releasing lock on artifact cache (/Users/rishiiyer/Documents/UMN_SoftwareTestingAutomation/CoffeeMaker_JUnit_Golden/gradle/caches/modules-2).
2025-12-30T08:56:40.022-0600 [DEBUG] [org.gradle.cache.internal.DefaultCacheCoordinator] Cache groovy-dsl (/Users/rishiiyer/Documents/UMN_SoftwareTestingAutomation/CoffeeMaker_JUnit_Golden/gradle/caches/8.13/groovy-dsl) was closed 0 times.
2025-12-30T08:56:40.022-0600 [DEBUG] [org.gradle.cache.internal.DefaultCacheCoordinator] Cache Artifact transforms cache (/Users/rishiiyer/Documents/UMN_SoftwareTestingAutomation/CoffeeMaker_JUnit_Golden/gradle/caches/8.13/transforms) was closed 0 times.
2025-12-30T08:56:40.022-0600 [DEBUG] [org.gradle.cache.internal.LockOnDemandCrossProcessCacheAccess] Releasing file lock for journal cache (/Users/rishiiyer/Documents/UMN_SoftwareTestingAutomation/CoffeeMaker_JUnit_Golden/gradle/caches/journal-1)
2025-12-30T08:56:40.023-0600 [DEBUG] [org.gradle.cache.internal.btree.BTreePersistentIndexedCache] Closing cache file-access.bin (/Users/rishiiyer/Documents/UMN_SoftwareTestingAutomation/CoffeeMaker_JUnit_Golden/gradle/caches/journal-1/file-access.bin)
2025-12-30T08:56:40.023-0600 [DEBUG] [org.gradle.cache.internal.DefaultFileLockManager] Releasing lock on journal cache (/Users/rishiiyer/Documents/UMN_SoftwareTestingAutomation/CoffeeMaker_JUnit_Golden/gradle/caches/journal-1).
2025-12-30T08:56:40.023-0600 [DEBUG] [org.gradle.cache.internal.LockOnDemandCrossProcessCacheAccess] Releasing file lock for file hash cache (/Users/rishiiyer/Documents/UMN_SoftwareTestingAutomation/CoffeeMaker_JUnit_Golden/gradle/caches/8.13/fileHashes)
2025-12-30T08:56:40.023-0600 [DEBUG] [org.gradle.cache.internal.btree.BTreePersistentIndexedCache] Closing cache fileHashes.bin (/Users/rishiiyer/Documents/UMN_SoftwareTestingAutomation/CoffeeMaker_JUnit_Golden/gradle/caches/8.13/fileHashes/fileHashes.bin)
2025-12-30T08:56:40.023-0600 [DEBUG] [org.gradle.cache.internal.btree.BTreePersistentIndexedCache] Closing cache resourceHashesCache.bin (/Users/rishiiyer/Documents/UMN_SoftwareTestingAutomation/CoffeeMaker_JUnit_Golden/gradle/caches/8.13/fileHashes/resourceHashesCache.bin)
2025-12-30T08:56:40.023-0600 [DEBUG] [org.gradle.cache.internal.DefaultFileLockManager] Releasing lock on file hash cache (/Users/rishiiyer/Documents/UMN_SoftwareTestingAutomation/CoffeeMaker_JUnit_Golden/gradle/caches/8.13/fileHashes).
2025-12-30T08:56:40.027-0600 [DEBUG] [org.gradle.internal.operations.DefaultBuildOperationRunner] Build operation 'Deleting unused version-specific caches in /Users/rishiiyer/Documents/UMN_SoftwareTestingAutomation/CoffeeMaker_JUnit_Golden/gradle/caches' started
2025-12-30T08:56:40.052-0600 [DEBUG] [org.gradle.cache.internal.VersionSpecificCacheCleanupAction] Processed version-specific caches at /Users/rishiiyer/Documents/UMN_SoftwareTestingAutomation/CoffeeMaker_JUnit_Golden/gradle/caches for cleanup in 0.021 secs
2025-12-30T08:56:40.053-0600 [DEBUG] [org.gradle.internal.operations.DefaultBuildOperationRunner] Completing Build operation 'Deleting unused version-specific caches in /Users/rishiiyer/Documents/UMN_SoftwareTestingAutomation/CoffeeMaker_JUnit_Golden/gradle/caches'
2025-12-30T08:56:40.053-0600 [DEBUG] [org.gradle.internal.operations.DefaultBuildOperationRunner] Build operation 'Deleting unused version-specific caches in /Users/rishiiyer/Documents/UMN_SoftwareTestingAutomation/CoffeeMaker_JUnit_Golden/gradle/caches' completed
2025-12-30T08:56:40.056-0600 [DEBUG] [org.gradle.internal.operations.DefaultBuildOperationRunner] Build operation 'Deleting unused Gradle distributions in /Users/rishiiyer/Documents/UMN_SoftwareTestingAutomation/CoffeeMaker_JUnit_Golden/gradle/wrapper/dists' started
2025-12-30T08:56:40.058-0600 [DEBUG] [org.gradle.internal.operations.DefaultBuildOperationRunner] Completing Build operation 'Deleting unused Gradle distributions in /Users/rishiiyer/Documents/UMN_SoftwareTestingAutomation/CoffeeMaker_JUnit_Golden/gradle/wrapper/dists'
2025-12-30T08:56:40.059-0600 [DEBUG] [org.gradle.internal.operations.DefaultBuildOperationRunner] Build operation 'Deleting unused Gradle distributions in /Users/rishiiyer/Documents/UMN_SoftwareTestingAutomation/CoffeeMaker_JUnit_Golden/gradle/wrapper/dists' completed
2025-12-30T08:56:40.059-0600 [DEBUG] [org.gradle.launcher.daemon.server.Daemon] stop() called on daemon
2025-12-30T08:56:40.059-0600 [INFO] [org.gradle.launcher.daemon.server.Daemon] Stop requested. Daemon is removing its presence from the registry...
2025-12-30T08:56:40.059-0600 [DEBUG] [org.gradle.launcher.daemon.server.DaemonRegistryUpdater] Removing our presence to clients, eg. removing this address from the registry: [923f98b6-b8f8-4445-a71e-f08eb839d2c3 port:63453, addresses:[localhost/127.0.0.1]]
2025-12-30T08:56:40.059-0600 [DEBUG] [org.gradle.launcher.daemon.registry.PersistentDaemonRegistry] Removing daemon address: [923f98b6-b8f8-4445-a71e-f08eb839d2c3 port:63453, addresses:[localhost/127.0.0.1]]
2025-12-30T08:56:40.060-0600 [DEBUG] [org.gradle.cache.internal.DefaultFileLockManager] Waiting to acquire exclusive lock on daemon addresses registry.
2025-12-30T08:56:40.061-0600 [DEBUG] [org.gradle.cache.internal.DefaultFileLockManager] Lock acquired on daemon addresses registry.
2025-12-30T08:56:40.062-0600 [DEBUG] [org.gradle.cache.internal.DefaultFileLockManager] Releasing lock on daemon addresses registry.
2025-12-30T08:56:40.062-0600 [DEBUG] [org.gradle.launcher.daemon.server.DaemonRegistryUpdater] Address removed from registry.
2025-12-30T08:56:40.065-0600 [DEBUG] [org.gradle.cache.internal.locklistener.DefaultFileLockContentionHandler] File lock listener thread completed.
Daemon vm is shutting down... The daemon has exited normally or was terminated in response to a user interrupt.
2025-12-30T08:56:40.069-0600 [DEBUG] [org.gradle.launcher.daemon.registry.PersistentDaemonRegistry] Removing daemon address: [923f98b6-b8f8-4445-a71e-f08eb839d2c3 port:63453, addresses:[localhost/127.0.0.1]]
2025-12-30T08:56:40.069-0600 [DEBUG] [org.gradle.launcher.daemon.server.Daemon] VM shutdown hook was unable to remove the daemon address from the registry. It will be cleaned up later.
java.lang.IllegalStateException: Cannot start managing file contention because this handler has been closed.
	at org.gradle.cache.internal.locklistener.DefaultFileLockContentionHandler.assertNotStopped(DefaultFileLockContentionHandler.java:248)
	at org.gradle.cache.internal.locklistener.DefaultFileLockContentionHandler.reservePort(DefaultFileLockContentionHandler.java:286)
	at org.gradle.cache.internal.DefaultFileLockManager.lock(DefaultFileLockManager.java:124)
	at org.gradle.cache.internal.DefaultFileLockManager.lock(DefaultFileLockManager.java:106)
	at org.gradle.cache.internal.DefaultFileLockManager.lock(DefaultFileLockManager.java:101)
	at org.gradle.cache.internal.OnDemandFileAccess.updateFile(OnDemandFileAccess.java:51)
	at org.gradle.cache.internal.FileBackedObjectHolder.update(FileBackedObjectHolder.java:77)
	at org.gradle.cache.internal.FileIntegrityViolationSuppressingObjectHolderDecorator.lambda$update$0(FileIntegrityViolationSuppressingObjectHolderDecorator.java:48)
	at org.gradle.cache.internal.FileIntegrityViolationSuppressingObjectHolderDecorator.doUpdate(FileIntegrityViolationSuppressingObjectHolderDecorator.java:58)
	at org.gradle.cache.internal.FileIntegrityViolationSuppressingObjectHolderDecorator.update(FileIntegrityViolationSuppressingObjectHolderDecorator.java:48)
	at org.gradle.launcher.daemon.registry.PersistentDaemonRegistry.remove(PersistentDaemonRegistry.java:133)
	at org.gradle.launcher.daemon.server.Daemon$1.run(Daemon.java:133)
	at java.lang.Thread.run(Thread.java:750)
